<?xml version="1.0" encoding="UTF-8"?>
<testsuite xmlns:xsi="http://www.w3.org/2001/XMLSchema-instance" xsi:noNamespaceSchemaLocation="https://maven.apache.org/surefire/maven-surefire-plugin/xsd/surefire-test-report-3.0.xsd" version="3.0" name="TestSuite" time="90.174" tests="4" errors="0" skipped="0" failures="3">
  <properties>
[...]
</properties>
  <testcase name="post_CreateServiceOrder" classname="BritBox.Testing.TMF641_CreateServiceOrder" time="43.31">
    <failure message="expected [There is no data found for this corelationId.] but found [{&#10;  &quot;response&quot; : &quot;There is no data found for this corelationId.&quot;&#10;}]" type="java.lang.AssertionError">java.lang.AssertionError: 
expected [There is no data found for this corelationId.] but found [{
  "response" : "There is no data found for this corelationId."
}]
	at BritBox.Testing.TMF641_CreateServiceOrder.post_CreateServiceOrder(TMF641_CreateServiceOrder.java:94)
</failure>
    <system-out><![CDATA[Request method:	POST
Request URI:	https://integrations-sit.multichoice.com/gateway/ServiceOrderingPlatformAPI/serviceOrder
Proxy:			<none>
Request params:	<none>
Query params:	<none>
Form params:	<none>
Path params:	<none>
Headers:		Authorization=Bearer 6f7425c18aa04e78b538669d64caa1973f3601fe4d4e423ca205711ccf5e230e
				Accept=*/*
				Content-Type=application/json
Cookies:		<none>
Multiparts:		<none>
Body:
{
    "id": "71709244",
    "priority": "1",
    "description": "Service order for BritBox",
    "category": "OTT Order",
    "state": "New Service Order",
    "completionDate": "",
    "requestedStartDate": null,
    "startDate": "2023-06-06T12:09:52.56Z",
    "@type": "ServiceOrder",
    "relatedParty": [
        {
            "id": "133199987",
            "name": "MPUMELELO DUBE",
            "role": "requester",
            "@referredType": "Individual",
            "href": "http://ICX.com"
        }
    ],
    "serviceOrderItem": [
        {
            "id": "496",
            "quantity": 1,
            "state": "InProgress",
            "service": {
                "@type": "Service",
                "state": "Active",
                "serviceType": "Add On"
            },
            "@type": "ServiceOrderItem"
        }
    ]
}
HTTP/1.1 200 OK
Date: Tue, 25 Jul 2023 13:27:56 GMT
Content-Type: application/json
Content-Length: 140
Connection: keep-alive
x-request-id: 011733fa-3bec-4a16-9cc5-d6711b972127
x-correlation-id: 011733fa-3bec-4a16-9cc5-d6711b972127
x-integration-id: 011733fa-3bec-4a16-9cc5-d6711b972127
Set-Cookie: AWSALB=qumDX9VjQQq0hKtHTnQVT22YgLqcCCkvyixFJm5NPYZd59+Frq1Bkmc/0VrolC3IbqZFmm0BS+RRvWUKxH9qaJc0HdkiFQZC2aY4RYcqLdJ68ebMKuVn9Su8OMBf; Expires=Tue, 01 Aug 2023 13:27:56 GMT; Path=/
Set-Cookie: AWSALBCORS=qumDX9VjQQq0hKtHTnQVT22YgLqcCCkvyixFJm5NPYZd59+Frq1Bkmc/0VrolC3IbqZFmm0BS+RRvWUKxH9qaJc0HdkiFQZC2aY4RYcqLdJ68ebMKuVn9Su8OMBf; Expires=Tue, 01 Aug 2023 13:27:56 GMT; Path=/; SameSite=None
Content-Encoding: gzip

{
    "status": {
        "code": "200",
        "name": "success",
        "description": "Request for 133199987 received"
    },
    "correlationId": "1f413fda-423b-48f8-968c-e66e9632e90f"
}
]]></system-out>
    <system-err><![CDATA[Starting ChromeDriver 114.0.5735.90 (386bc09e8f4f2e025eddae123f36f6263096ae49-refs/branch-heads/5735@{#1052}) on port 35662
Only local connections are allowed.
Please see https://chromedriver.chromium.org/security-considerations for suggestions on keeping ChromeDriver safe.
ChromeDriver was started successfully.
Jul 25, 2023 3:28:00 PM org.openqa.selenium.remote.ProtocolHandshake createSession
INFO: Detected dialect: W3C
]]></system-err>
  </testcase>
  <testcase name="getToken" classname="BritBox.Testing.TokenClientAPI" time="1.549">
    <failure message="did not expect to find [28488644] but found [null]" type="java.lang.AssertionError">java.lang.AssertionError: did not expect to find [28488644] but found [null]
	at BritBox.Testing.TokenClientAPI.getToken(TokenClientAPI.java:55)
</failure>
    <system-out><![CDATA[Request method:	GET
Request URI:	https://integrations-sit.multichoice.com/gateway/TokenClientPlatformAPI/1.0/token/8KYX68WTY4
Proxy:			<none>
Request params:	<none>
Query params:	<none>
Form params:	<none>
Path params:	<none>
Headers:		partnerId=BRITBOXZA
				partnerPassword=Br!tboxPa$$
				Authorization=Bearer b6aa5130fe2f4edd87a2ad0c63da5b65bd251d4cb7db4056821148605dd7fd20
				Accept=*/*
				Content-Type=application/json
Cookies:		<none>
Multiparts:		<none>
Body:			<none>
HTTP/1.1 401 Unauthorized
Date: Tue, 25 Jul 2023 13:28:38 GMT
Content-Type: application/json
Content-Length: 255
Connection: keep-alive
WWW-Authenticate: Bearer Realm = 'Integration Server',error = 'invalid_token', error_description = 'The provided token is invalid or expired.'
Content-Encoding: gzip

{
    "Exception": "API Gateway encountered an error. Error Message:  Token specified is invalid or has expired.. Request Details: Service - TokenClientPlatformAPI, Operation - /token/{id}, Invocation Time:1:28:38 PM, Date:Jul 25, 2023,  Client IP - 102.176.194.176:64861, User - Default and Application:sys:defaultApplication"
}
null
]]></system-out>
  </testcase>
  <testcase name="getTokenIncorrectToken" classname="BritBox.Testing.TokenClientAPI" time="1.283">
    <failure message="&#10;Expected: is &lt;200&gt;&#10;     but: was &lt;401&gt;" type="java.lang.AssertionError"><![CDATA[java.lang.AssertionError: 

Expected: is <200>
     but: was <401>
	at BritBox.Testing.TokenClientAPI.getTokenIncorrectToken(TokenClientAPI.java:71)
]]></failure>
    <system-out><![CDATA[Request method:	GET
Request URI:	https://integrations-sit.multichoice.com/gateway/TokenClientPlatformAPI/1.0/token/8KYX68WT
Proxy:			<none>
Request params:	<none>
Query params:	<none>
Form params:	<none>
Path params:	<none>
Headers:		partnerId=BRITBOXZA
				partnerPassword=Br!tboxPa$$
				Authorization=Bearer b6aa5130fe2f4edd87a2ad0c63da5b65bd251d4cb7db4056821148605dd7fd20
				Accept=*/*
				Content-Type=application/json
Cookies:		<none>
Multiparts:		<none>
Body:			<none>
HTTP/1.1 401 Unauthorized
Date: Tue, 25 Jul 2023 13:28:39 GMT
Content-Type: application/json
Content-Length: 255
Connection: keep-alive
WWW-Authenticate: Bearer Realm = 'Integration Server',error = 'invalid_token', error_description = 'The provided token is invalid or expired.'
Content-Encoding: gzip

{
    "Exception": "API Gateway encountered an error. Error Message:  Token specified is invalid or has expired.. Request Details: Service - TokenClientPlatformAPI, Operation - /token/{id}, Invocation Time:1:28:39 PM, Date:Jul 25, 2023,  Client IP - 102.176.194.176:64870, User - Default and Application:sys:defaultApplication"
}
]]></system-out>
  </testcase>
  <testcase name="post_createServiceorder_OpenServe" classname="O2F.ServiceOrdering" time="40.778"/>
</testsuite>